

Started GET "/login" for ::1 at 2017-01-23 22:07:15 -0800

Mysql2::Error (Access denied for user 'root'@'localhost' (using password: YES)):
  mysql2 (0.4.4) lib/mysql2/client.rb:87:in `connect'
  mysql2 (0.4.4) lib/mysql2/client.rb:87:in `initialize'
  activerecord (4.2.6) lib/active_record/connection_adapters/mysql2_adapter.rb:18:in `new'
  activerecord (4.2.6) lib/active_record/connection_adapters/mysql2_adapter.rb:18:in `mysql2_connection'
  activerecord (4.2.6) lib/active_record/connection_adapters/abstract/connection_pool.rb:438:in `new_connection'
  activerecord (4.2.6) lib/active_record/connection_adapters/abstract/connection_pool.rb:448:in `checkout_new_connection'
  activerecord (4.2.6) lib/active_record/connection_adapters/abstract/connection_pool.rb:422:in `acquire_connection'
  activerecord (4.2.6) lib/active_record/connection_adapters/abstract/connection_pool.rb:349:in `block in checkout'
  /Users/Ali/.rvm/rubies/ruby-2.2.3/lib/ruby/2.2.0/monitor.rb:211:in `mon_synchronize'
  activerecord (4.2.6) lib/active_record/connection_adapters/abstract/connection_pool.rb:348:in `checkout'
  activerecord (4.2.6) lib/active_record/connection_adapters/abstract/connection_pool.rb:263:in `block in connection'
  /Users/Ali/.rvm/rubies/ruby-2.2.3/lib/ruby/2.2.0/monitor.rb:211:in `mon_synchronize'
  activerecord (4.2.6) lib/active_record/connection_adapters/abstract/connection_pool.rb:262:in `connection'
  activerecord (4.2.6) lib/active_record/connection_adapters/abstract/connection_pool.rb:571:in `retrieve_connection'
  activerecord (4.2.6) lib/active_record/connection_handling.rb:113:in `retrieve_connection'
  activerecord (4.2.6) lib/active_record/connection_handling.rb:87:in `connection'
  activerecord (4.2.6) lib/active_record/migration.rb:383:in `connection'
  activerecord (4.2.6) lib/active_record/migration.rb:370:in `call'
  actionpack (4.2.6) lib/action_dispatch/middleware/callbacks.rb:29:in `block in call'
  activesupport (4.2.6) lib/active_support/callbacks.rb:88:in `__run_callbacks__'
  activesupport (4.2.6) lib/active_support/callbacks.rb:778:in `_run_call_callbacks'
  activesupport (4.2.6) lib/active_support/callbacks.rb:81:in `run_callbacks'
  actionpack (4.2.6) lib/action_dispatch/middleware/callbacks.rb:27:in `call'
  actionpack (4.2.6) lib/action_dispatch/middleware/reloader.rb:73:in `call'
  actionpack (4.2.6) lib/action_dispatch/middleware/remote_ip.rb:78:in `call'
  actionpack (4.2.6) lib/action_dispatch/middleware/debug_exceptions.rb:17:in `call'
  web-console (2.3.0) lib/web_console/middleware.rb:28:in `block in call'
  web-console (2.3.0) lib/web_console/middleware.rb:18:in `catch'
  web-console (2.3.0) lib/web_console/middleware.rb:18:in `call'
  actionpack (4.2.6) lib/action_dispatch/middleware/show_exceptions.rb:30:in `call'
  railties (4.2.6) lib/rails/rack/logger.rb:38:in `call_app'
  railties (4.2.6) lib/rails/rack/logger.rb:20:in `block in call'
  activesupport (4.2.6) lib/active_support/tagged_logging.rb:68:in `block in tagged'
  activesupport (4.2.6) lib/active_support/tagged_logging.rb:26:in `tagged'
  activesupport (4.2.6) lib/active_support/tagged_logging.rb:68:in `tagged'
  railties (4.2.6) lib/rails/rack/logger.rb:20:in `call'
  actionpack (4.2.6) lib/action_dispatch/middleware/request_id.rb:21:in `call'
  rack (1.6.4) lib/rack/methodoverride.rb:22:in `call'
  rack (1.6.4) lib/rack/runtime.rb:18:in `call'
  activesupport (4.2.6) lib/active_support/cache/strategy/local_cache_middleware.rb:28:in `call'
  rack (1.6.4) lib/rack/lock.rb:17:in `call'
  actionpack (4.2.6) lib/action_dispatch/middleware/static.rb:120:in `call'
  rack (1.6.4) lib/rack/sendfile.rb:113:in `call'
  railties (4.2.6) lib/rails/engine.rb:518:in `call'
  railties (4.2.6) lib/rails/application.rb:165:in `call'
  rack (1.6.4) lib/rack/lock.rb:17:in `call'
  rack (1.6.4) lib/rack/content_length.rb:15:in `call'
  rack (1.6.4) lib/rack/handler/webrick.rb:88:in `service'
  /Users/Ali/.rvm/rubies/ruby-2.2.3/lib/ruby/2.2.0/webrick/httpserver.rb:138:in `service'
  /Users/Ali/.rvm/rubies/ruby-2.2.3/lib/ruby/2.2.0/webrick/httpserver.rb:94:in `run'
  /Users/Ali/.rvm/rubies/ruby-2.2.3/lib/ruby/2.2.0/webrick/server.rb:294:in `block in start_thread'


  Rendered /Users/Ali/.rvm/gems/ruby-2.2.3/gems/actionpack-4.2.6/lib/action_dispatch/middleware/templates/rescues/_source.erb (2.8ms)
  Rendered /Users/Ali/.rvm/gems/ruby-2.2.3/gems/actionpack-4.2.6/lib/action_dispatch/middleware/templates/rescues/_trace.html.erb (1.6ms)
  Rendered /Users/Ali/.rvm/gems/ruby-2.2.3/gems/actionpack-4.2.6/lib/action_dispatch/middleware/templates/rescues/_request_and_response.html.erb (0.8ms)
  Rendered /Users/Ali/.rvm/gems/ruby-2.2.3/gems/actionpack-4.2.6/lib/action_dispatch/middleware/templates/rescues/diagnostics.html.erb within rescues/layout (53.6ms)
  Rendered /Users/Ali/.rvm/gems/ruby-2.2.3/gems/web-console-2.3.0/lib/web_console/templates/_markup.html.erb (0.4ms)
  Rendered /Users/Ali/.rvm/gems/ruby-2.2.3/gems/web-console-2.3.0/lib/web_console/templates/_inner_console_markup.html.erb within layouts/inlined_string (0.3ms)
  Rendered /Users/Ali/.rvm/gems/ruby-2.2.3/gems/web-console-2.3.0/lib/web_console/templates/_prompt_box_markup.html.erb within layouts/inlined_string (0.4ms)
  Rendered /Users/Ali/.rvm/gems/ruby-2.2.3/gems/web-console-2.3.0/lib/web_console/templates/style.css.erb within layouts/inlined_string (0.3ms)
  Rendered /Users/Ali/.rvm/gems/ruby-2.2.3/gems/web-console-2.3.0/lib/web_console/templates/console.js.erb within layouts/javascript (53.1ms)
  Rendered /Users/Ali/.rvm/gems/ruby-2.2.3/gems/web-console-2.3.0/lib/web_console/templates/main.js.erb within layouts/javascript (0.8ms)
  Rendered /Users/Ali/.rvm/gems/ruby-2.2.3/gems/web-console-2.3.0/lib/web_console/templates/error_page.js.erb within layouts/javascript (0.5ms)
  Rendered /Users/Ali/.rvm/gems/ruby-2.2.3/gems/web-console-2.3.0/lib/web_console/templates/index.html.erb (114.1ms)
  [1m[36m (26.4ms)[0m  [1mCREATE TABLE `schema_migrations` (`version` varchar(255) NOT NULL) ENGINE=InnoDB[0m
  [1m[35m (15.8ms)[0m  CREATE UNIQUE INDEX `unique_schema_migrations`  ON `schema_migrations` (`version`) 
  [1m[36mActiveRecord::SchemaMigration Load (0.2ms)[0m  [1mSELECT `schema_migrations`.* FROM `schema_migrations`[0m
Migrating to CreateProducts (20160425222942)
  [1m[35m (8.6ms)[0m  CREATE TABLE `products` (`id` int(11) auto_increment PRIMARY KEY, `name` varchar(255), `price` decimal(12,3), `size` int(11), `active` tinyint(1), `created_at` datetime NOT NULL, `updated_at` datetime NOT NULL) ENGINE=InnoDB
  [1m[36m (0.1ms)[0m  [1mBEGIN[0m
  [1m[35mSQL (0.2ms)[0m  INSERT INTO `schema_migrations` (`version`) VALUES ('20160425222942')
  [1m[36m (0.3ms)[0m  [1mCOMMIT[0m
Migrating to CreateCustomers (20160425222954)
  [1m[35m (7.7ms)[0m  CREATE TABLE `customers` (`id` int(11) auto_increment PRIMARY KEY, `name` varchar(255), `priority` int(11), `shipAddress` varchar(255), `billAddress` varchar(255), `created_at` datetime NOT NULL, `updated_at` datetime NOT NULL) ENGINE=InnoDB
  [1m[36m (0.1ms)[0m  [1mBEGIN[0m
  [1m[35mSQL (0.2ms)[0m  INSERT INTO `schema_migrations` (`version`) VALUES ('20160425222954')
  [1m[36m (0.4ms)[0m  [1mCOMMIT[0m
Migrating to CreateUsers (20160425223012)
  [1m[35m (7.8ms)[0m  CREATE TABLE `users` (`id` int(11) auto_increment PRIMARY KEY, `username` varchar(255), `password` varchar(255), `email` varchar(255), `admin` tinyint(1) DEFAULT 0, `created_at` datetime NOT NULL, `updated_at` datetime NOT NULL) ENGINE=InnoDB
  [1m[36m (0.2ms)[0m  [1mBEGIN[0m
  [1m[35mSQL (0.3ms)[0m  INSERT INTO `schema_migrations` (`version`) VALUES ('20160425223012')
  [1m[36m (0.3ms)[0m  [1mCOMMIT[0m
Migrating to CreateOrderItems (20160503064112)
  [1m[35m (9.0ms)[0m  CREATE TABLE `order_items` (`id` int(11) auto_increment PRIMARY KEY, `product_id` int(11), `order_id` int(11), `unit_price` decimal(12,3), `quantity` int(11), `total_price` decimal(12,3), `created_at` datetime NOT NULL, `updated_at` datetime NOT NULL,  INDEX `index_order_items_on_product_id`  (`product_id`) ,  INDEX `index_order_items_on_order_id`  (`order_id`) ) ENGINE=InnoDB
  [1m[36m (0.1ms)[0m  [1mBEGIN[0m
  [1m[35mSQL (0.2ms)[0m  INSERT INTO `schema_migrations` (`version`) VALUES ('20160503064112')
  [1m[36m (0.3ms)[0m  [1mCOMMIT[0m
Migrating to CreateOrders (20160503064333)
  [1m[35m (8.6ms)[0m  CREATE TABLE `orders` (`id` int(11) auto_increment PRIMARY KEY, `subtotal` decimal(12,3), `tax` decimal(12,3), `shipping` decimal(12,3), `total` decimal(12,3), `order_status_id` int(11), `created_at` datetime NOT NULL, `updated_at` datetime NOT NULL,  INDEX `index_orders_on_order_status_id`  (`order_status_id`) ) ENGINE=InnoDB
  [1m[36m (0.1ms)[0m  [1mBEGIN[0m
  [1m[35mSQL (0.2ms)[0m  INSERT INTO `schema_migrations` (`version`) VALUES ('20160503064333')
  [1m[36m (0.3ms)[0m  [1mCOMMIT[0m
Migrating to CreateOrderStatuses (20160503064423)
  [1m[35m (9.7ms)[0m  CREATE TABLE `order_statuses` (`id` int(11) auto_increment PRIMARY KEY, `name` varchar(255), `created_at` datetime NOT NULL, `updated_at` datetime NOT NULL) ENGINE=InnoDB
  [1m[36m (0.1ms)[0m  [1mBEGIN[0m
  [1m[35mSQL (0.2ms)[0m  INSERT INTO `schema_migrations` (`version`) VALUES ('20160503064423')
  [1m[36m (0.3ms)[0m  [1mCOMMIT[0m
  [1m[35mActiveRecord::SchemaMigration Load (0.2ms)[0m  SELECT `schema_migrations`.* FROM `schema_migrations`
  [1m[36m (0.2ms)[0m  [1mSELECT fk.referenced_table_name as 'to_table'
      ,fk.referenced_column_name as 'primary_key'
      ,fk.column_name as 'column'
      ,fk.constraint_name as 'name'
FROM information_schema.key_column_usage fk
WHERE fk.referenced_column_name is not null
  AND fk.table_schema = 'ICETRACK_development'
  AND fk.table_name = 'customers'
[0m
  [1m[35m (0.1ms)[0m  SHOW CREATE TABLE `customers`
  [1m[36m (0.2ms)[0m  [1mSELECT fk.referenced_table_name as 'to_table'
      ,fk.referenced_column_name as 'primary_key'
      ,fk.column_name as 'column'
      ,fk.constraint_name as 'name'
FROM information_schema.key_column_usage fk
WHERE fk.referenced_column_name is not null
  AND fk.table_schema = 'ICETRACK_development'
  AND fk.table_name = 'order_items'
[0m
  [1m[35m (0.1ms)[0m  SHOW CREATE TABLE `order_items`
  [1m[36m (0.2ms)[0m  [1mSELECT fk.referenced_table_name as 'to_table'
      ,fk.referenced_column_name as 'primary_key'
      ,fk.column_name as 'column'
      ,fk.constraint_name as 'name'
FROM information_schema.key_column_usage fk
WHERE fk.referenced_column_name is not null
  AND fk.table_schema = 'ICETRACK_development'
  AND fk.table_name = 'order_statuses'
[0m
  [1m[35m (0.1ms)[0m  SHOW CREATE TABLE `order_statuses`
  [1m[36m (0.2ms)[0m  [1mSELECT fk.referenced_table_name as 'to_table'
      ,fk.referenced_column_name as 'primary_key'
      ,fk.column_name as 'column'
      ,fk.constraint_name as 'name'
FROM information_schema.key_column_usage fk
WHERE fk.referenced_column_name is not null
  AND fk.table_schema = 'ICETRACK_development'
  AND fk.table_name = 'orders'
[0m
  [1m[35m (0.1ms)[0m  SHOW CREATE TABLE `orders`
  [1m[36m (0.2ms)[0m  [1mSELECT fk.referenced_table_name as 'to_table'
      ,fk.referenced_column_name as 'primary_key'
      ,fk.column_name as 'column'
      ,fk.constraint_name as 'name'
FROM information_schema.key_column_usage fk
WHERE fk.referenced_column_name is not null
  AND fk.table_schema = 'ICETRACK_development'
  AND fk.table_name = 'products'
[0m
  [1m[35m (0.1ms)[0m  SHOW CREATE TABLE `products`
  [1m[36m (0.2ms)[0m  [1mSELECT fk.referenced_table_name as 'to_table'
      ,fk.referenced_column_name as 'primary_key'
      ,fk.column_name as 'column'
      ,fk.constraint_name as 'name'
FROM information_schema.key_column_usage fk
WHERE fk.referenced_column_name is not null
  AND fk.table_schema = 'ICETRACK_development'
  AND fk.table_name = 'users'
[0m
  [1m[35m (0.1ms)[0m  SHOW CREATE TABLE `users`


Started GET "/" for ::1 at 2017-01-23 22:47:49 -0800
  [1m[36mActiveRecord::SchemaMigration Load (0.3ms)[0m  [1mSELECT `schema_migrations`.* FROM `schema_migrations`[0m
Processing by UsersController#login as HTML
  Rendered users/login.html.erb within layouts/application (10.7ms)
Completed 200 OK in 51ms (Views: 22.5ms | ActiveRecord: 1.0ms)


Started POST "/users/verify" for ::1 at 2017-01-23 22:47:58 -0800
Processing by UsersController#verify as HTML
  Parameters: {"utf8"=>"✓", "authenticity_token"=>"qageReq9Y8tKE8KScc1p9uQhsOnyOGhWWGRGaVKqZzRZgeFjoyf+8N5gT1JIYws66JYS3JdDT2c7x7gmAoBlZQ==", "user"=>{"username"=>"Ali", "password"=>"[FILTERED]"}, "commit"=>"Log-In"}
  [1m[35mUser Exists (0.3ms)[0m  SELECT  1 AS one FROM `users` WHERE `users`.`username` = 'Ali' AND `users`.`password` = '1234' LIMIT 1
Redirected to http://localhost:3000/
Completed 302 Found in 17ms (ActiveRecord: 0.3ms)


Started GET "/" for ::1 at 2017-01-23 22:47:58 -0800
Processing by UsersController#login as HTML
  Rendered users/login.html.erb within layouts/application (0.6ms)
Completed 200 OK in 4ms (Views: 3.2ms | ActiveRecord: 0.0ms)


Started POST "/users/verify" for ::1 at 2017-01-23 22:48:14 -0800
Processing by UsersController#verify as HTML
  Parameters: {"utf8"=>"✓", "authenticity_token"=>"uqUVU74gB5lc4yetVOjvWvO7ho/qhxvNVeG5Zwzz335KjOp197qaosiQqm1tRo2W/wwkuo/8PPw2QkcoXNndLw==", "user"=>{"username"=>"", "password"=>"[FILTERED]"}, "commit"=>"Log-In"}
  [1m[36mUser Exists (0.3ms)[0m  [1mSELECT  1 AS one FROM `users` WHERE `users`.`username` = '' AND `users`.`password` = '' LIMIT 1[0m
Redirected to http://localhost:3000/
Completed 302 Found in 2ms (ActiveRecord: 0.3ms)


Started GET "/" for ::1 at 2017-01-23 22:48:14 -0800
Processing by UsersController#login as HTML
  Rendered users/login.html.erb within layouts/application (0.6ms)
Completed 200 OK in 4ms (Views: 3.3ms | ActiveRecord: 0.0ms)


Started POST "/users/verify" for ::1 at 2017-01-23 22:48:15 -0800
Processing by UsersController#verify as HTML
  Parameters: {"utf8"=>"✓", "authenticity_token"=>"vjX+JUSS8Uujk0g+yOsZfwjeiWcIzaWbyUPtksLOuOtOHAEDDQhscDfgxf7xRXuzBGkrUm22gqqq4BPdkuS6ug==", "user"=>{"username"=>"", "password"=>"[FILTERED]"}, "commit"=>"Log-In"}
  [1m[35mUser Exists (0.3ms)[0m  SELECT  1 AS one FROM `users` WHERE `users`.`username` = '' AND `users`.`password` = '' LIMIT 1
Redirected to http://localhost:3000/
Completed 302 Found in 2ms (ActiveRecord: 0.3ms)


Started GET "/" for ::1 at 2017-01-23 22:48:15 -0800
Processing by UsersController#login as HTML
  Rendered users/login.html.erb within layouts/application (0.6ms)
Completed 200 OK in 4ms (Views: 3.1ms | ActiveRecord: 0.0ms)


Started POST "/users/verify" for ::1 at 2017-01-23 22:48:15 -0800
Processing by UsersController#verify as HTML
  Parameters: {"utf8"=>"✓", "authenticity_token"=>"hLkOH2bzIKU5+GKpCs7u0GMRena/HUpTIWq1nPxin710kPE5L2m9nq2L72kzYIwcb6bYQ9pmbWJCyUvTrEid7A==", "user"=>{"username"=>"", "password"=>"[FILTERED]"}, "commit"=>"Log-In"}
  [1m[36mUser Exists (0.3ms)[0m  [1mSELECT  1 AS one FROM `users` WHERE `users`.`username` = '' AND `users`.`password` = '' LIMIT 1[0m
Redirected to http://localhost:3000/
Completed 302 Found in 3ms (ActiveRecord: 0.3ms)


Started GET "/" for ::1 at 2017-01-23 22:48:15 -0800
Processing by UsersController#login as HTML
  Rendered users/login.html.erb within layouts/application (0.6ms)
Completed 200 OK in 4ms (Views: 3.1ms | ActiveRecord: 0.0ms)


Started POST "/users/verify" for ::1 at 2017-01-23 22:48:15 -0800
Processing by UsersController#verify as HTML
  Parameters: {"utf8"=>"✓", "authenticity_token"=>"SX9PxbFRwvAWSPZDaeoZ5i3NLf6MA0gJqePUpaWIwQm5VrDj+Mtfy4I7e4NQRHsqIXqPy+l4bzjKQCrq9aLDWA==", "user"=>{"username"=>"", "password"=>"[FILTERED]"}, "commit"=>"Log-In"}
  [1m[35mUser Exists (0.3ms)[0m  SELECT  1 AS one FROM `users` WHERE `users`.`username` = '' AND `users`.`password` = '' LIMIT 1
Redirected to http://localhost:3000/
Completed 302 Found in 2ms (ActiveRecord: 0.3ms)


Started GET "/" for ::1 at 2017-01-23 22:48:15 -0800
Processing by UsersController#login as HTML
  Rendered users/login.html.erb within layouts/application (0.7ms)
Completed 200 OK in 5ms (Views: 4.3ms | ActiveRecord: 0.0ms)
